2022-12-01:03:57:58CST * 0 * information * 0x563ea9eaf300 * KIM_LogImplementation.cpp:110 * Log object created.  Default verbosity level is 'information'.
2022-12-01:03:57:58CST * 0 * information * 0x563ea9eaf670 * KIM_LogImplementation.cpp:110 * Log object created.  Default verbosity level is 'information'.
2022-12-01:03:57:58CST * 1 * information * 0x563ea9eaf670 * KIM_LogImplementation.cpp:242 * Log object renamed.  ID changed to '0x563ea9eaf300_Collections'.
2022-12-01:03:57:58CST * 2 * information * 0x563ea9eaf300_Collections * KIM_LogImplementation.cpp:246 * Log object renamed.  ID changed from '0x563ea9eaf670'.
2022-12-01:03:57:58CST * 1 * error * 0x563ea9eaf300 * KIM_SharedLibrary.cpp:348 * SharedLibrary not open.
2022-12-01:03:57:58CST * 3 * information * 0x563ea9eaf300_Collections * KIM_LogImplementation.cpp:120 * Log object destroyed.
2022-12-01:03:57:58CST * 2 * information * 0x563ea9eaf300 * KIM_LogImplementation.cpp:242 * Log object renamed.  ID changed to '0_Model'.
2022-12-01:03:57:58CST * 3 * information * 0_Model * KIM_LogImplementation.cpp:246 * Log object renamed.  ID changed from '0x563ea9eaf300'.
2022-12-01:03:57:58CST * 0 * information * 0x563ea9eb16a0 * KIM_LogImplementation.cpp:110 * Log object created.  Default verbosity level is 'information'.
2022-12-01:03:57:58CST * 1 * information * 0x563ea9eb16a0 * KIM_LogImplementation.cpp:242 * Log object renamed.  ID changed to '0_Model_0x563ea9eb16a0'.
2022-12-01:03:57:58CST * 2 * information * 0_Model_0x563ea9eb16a0 * KIM_LogImplementation.cpp:246 * Log object renamed.  ID changed from '0x563ea9eb16a0'.
2022-12-01:03:57:58CST * 3 * information * 0_Model_0x563ea9eb16a0 * meam_implementation.cpp:1606 * Register argument support status
2022-12-01:03:57:58CST * 4 * information * 0_Model_0x563ea9eb16a0 * KIM_LogImplementation.cpp:242 * Log object renamed.  ID changed to '0_ComputeArguments'.
2022-12-01:03:57:58CST * 5 * information * 0_ComputeArguments * KIM_LogImplementation.cpp:246 * Log object renamed.  ID changed from '0_Model_0x563ea9eb16a0'.
2022-12-01:03:57:58CST * 0 * information * 0x563ea9eaf670 * KIM_LogImplementation.cpp:110 * Log object created.  Default verbosity level is 'information'.
2022-12-01:03:57:58CST * 1 * information * 0x563ea9eaf670 * KIM_LogImplementation.cpp:242 * Log object renamed.  ID changed to '0_Collections'.
2022-12-01:03:57:58CST * 2 * information * 0_Collections * KIM_LogImplementation.cpp:246 * Log object renamed.  ID changed from '0x563ea9eaf670'.
2022-12-01:03:57:58CST * 3 * information * 0_Collections * KIM_LogImplementation.cpp:120 * Log object destroyed.
2022-12-01:03:58:19CST * 0 * information * 0_ComputeArguments * KIM_LogImplementation.cpp:120 * Log object destroyed.
2022-12-01:03:58:19CST * 0 * information * 0_Model * KIM_LogImplementation.cpp:120 * Log object destroyed.
2022-12-01:04:27:29CST * 0 * information * 0x55b4dcb264b0 * KIM_LogImplementation.cpp:110 * Log object created.  Default verbosity level is 'information'.
2022-12-01:04:27:29CST * 0 * information * 0x55b4dcb267a0 * KIM_LogImplementation.cpp:110 * Log object created.  Default verbosity level is 'information'.
2022-12-01:04:27:29CST * 1 * information * 0x55b4dcb267a0 * KIM_LogImplementation.cpp:242 * Log object renamed.  ID changed to '0x55b4dcb264b0_Collections'.
2022-12-01:04:27:29CST * 2 * information * 0x55b4dcb264b0_Collections * KIM_LogImplementation.cpp:246 * Log object renamed.  ID changed from '0x55b4dcb267a0'.
2022-12-01:04:27:29CST * 1 * error * 0x55b4dcb264b0 * KIM_SharedLibrary.cpp:348 * SharedLibrary not open.
2022-12-01:04:27:29CST * 3 * information * 0x55b4dcb264b0_Collections * KIM_LogImplementation.cpp:120 * Log object destroyed.
2022-12-01:04:27:29CST * 2 * information * 0x55b4dcb264b0 * KIM_LogImplementation.cpp:242 * Log object renamed.  ID changed to '0_Model'.
2022-12-01:04:27:29CST * 3 * information * 0_Model * KIM_LogImplementation.cpp:246 * Log object renamed.  ID changed from '0x55b4dcb264b0'.
2022-12-01:04:27:29CST * 0 * information * 0x55b4dcb28730 * KIM_LogImplementation.cpp:110 * Log object created.  Default verbosity level is 'information'.
2022-12-01:04:27:29CST * 1 * information * 0x55b4dcb28730 * KIM_LogImplementation.cpp:242 * Log object renamed.  ID changed to '0_Model_0x55b4dcb28730'.
2022-12-01:04:27:29CST * 2 * information * 0_Model_0x55b4dcb28730 * KIM_LogImplementation.cpp:246 * Log object renamed.  ID changed from '0x55b4dcb28730'.
2022-12-01:04:27:29CST * 3 * information * 0_Model_0x55b4dcb28730 * meam_implementation.cpp:1606 * Register argument support status
2022-12-01:04:27:29CST * 4 * information * 0_Model_0x55b4dcb28730 * KIM_LogImplementation.cpp:242 * Log object renamed.  ID changed to '0_ComputeArguments'.
2022-12-01:04:27:29CST * 5 * information * 0_ComputeArguments * KIM_LogImplementation.cpp:246 * Log object renamed.  ID changed from '0_Model_0x55b4dcb28730'.
2022-12-01:04:27:29CST * 0 * information * 0x55b4dcb267a0 * KIM_LogImplementation.cpp:110 * Log object created.  Default verbosity level is 'information'.
2022-12-01:04:27:29CST * 1 * information * 0x55b4dcb267a0 * KIM_LogImplementation.cpp:242 * Log object renamed.  ID changed to '0_Collections'.
2022-12-01:04:27:29CST * 2 * information * 0_Collections * KIM_LogImplementation.cpp:246 * Log object renamed.  ID changed from '0x55b4dcb267a0'.
2022-12-01:04:27:29CST * 3 * information * 0_Collections * KIM_LogImplementation.cpp:120 * Log object destroyed.
2022-12-01:04:33:54CST * 0 * information * 0x55bf5c5f8870 * KIM_LogImplementation.cpp:110 * Log object created.  Default verbosity level is 'information'.
2022-12-01:04:33:54CST * 0 * information * 0x55bf5c5f8bc0 * KIM_LogImplementation.cpp:110 * Log object created.  Default verbosity level is 'information'.
2022-12-01:04:33:54CST * 1 * information * 0x55bf5c5f8bc0 * KIM_LogImplementation.cpp:242 * Log object renamed.  ID changed to '0x55bf5c5f8870_Collections'.
2022-12-01:04:33:54CST * 2 * information * 0x55bf5c5f8870_Collections * KIM_LogImplementation.cpp:246 * Log object renamed.  ID changed from '0x55bf5c5f8bc0'.
2022-12-01:04:33:54CST * 1 * error * 0x55bf5c5f8870 * KIM_SharedLibrary.cpp:348 * SharedLibrary not open.
2022-12-01:04:33:54CST * 3 * information * 0x55bf5c5f8870_Collections * KIM_LogImplementation.cpp:120 * Log object destroyed.
2022-12-01:04:33:54CST * 2 * information * 0x55bf5c5f8870 * KIM_LogImplementation.cpp:242 * Log object renamed.  ID changed to '0_Model'.
2022-12-01:04:33:54CST * 3 * information * 0_Model * KIM_LogImplementation.cpp:246 * Log object renamed.  ID changed from '0x55bf5c5f8870'.
2022-12-01:04:33:54CST * 0 * information * 0x55bf5c5fab60 * KIM_LogImplementation.cpp:110 * Log object created.  Default verbosity level is 'information'.
2022-12-01:04:33:54CST * 1 * information * 0x55bf5c5fab60 * KIM_LogImplementation.cpp:242 * Log object renamed.  ID changed to '0_Model_0x55bf5c5fab60'.
2022-12-01:04:33:54CST * 2 * information * 0_Model_0x55bf5c5fab60 * KIM_LogImplementation.cpp:246 * Log object renamed.  ID changed from '0x55bf5c5fab60'.
2022-12-01:04:33:54CST * 3 * information * 0_Model_0x55bf5c5fab60 * meam_implementation.cpp:1606 * Register argument support status
2022-12-01:04:33:54CST * 4 * information * 0_Model_0x55bf5c5fab60 * KIM_LogImplementation.cpp:242 * Log object renamed.  ID changed to '0_ComputeArguments'.
2022-12-01:04:33:54CST * 5 * information * 0_ComputeArguments * KIM_LogImplementation.cpp:246 * Log object renamed.  ID changed from '0_Model_0x55bf5c5fab60'.
2022-12-01:04:33:54CST * 0 * information * 0x55bf5c5f8bc0 * KIM_LogImplementation.cpp:110 * Log object created.  Default verbosity level is 'information'.
2022-12-01:04:33:54CST * 1 * information * 0x55bf5c5f8bc0 * KIM_LogImplementation.cpp:242 * Log object renamed.  ID changed to '0_Collections'.
2022-12-01:04:33:54CST * 2 * information * 0_Collections * KIM_LogImplementation.cpp:246 * Log object renamed.  ID changed from '0x55bf5c5f8bc0'.
2022-12-01:04:33:54CST * 3 * information * 0_Collections * KIM_LogImplementation.cpp:120 * Log object destroyed.
2022-12-01:15:24:16CST * 0 * information * 0x5604fe9efa30 * KIM_LogImplementation.cpp:110 * Log object created.  Default verbosity level is 'information'.
2022-12-01:15:24:16CST * 0 * information * 0x5604fe9efd20 * KIM_LogImplementation.cpp:110 * Log object created.  Default verbosity level is 'information'.
2022-12-01:15:24:16CST * 1 * information * 0x5604fe9efd20 * KIM_LogImplementation.cpp:242 * Log object renamed.  ID changed to '0x5604fe9efa30_Collections'.
2022-12-01:15:24:16CST * 2 * information * 0x5604fe9efa30_Collections * KIM_LogImplementation.cpp:246 * Log object renamed.  ID changed from '0x5604fe9efd20'.
2022-12-01:15:24:16CST * 1 * error * 0x5604fe9efa30 * KIM_SharedLibrary.cpp:348 * SharedLibrary not open.
2022-12-01:15:24:16CST * 3 * information * 0x5604fe9efa30_Collections * KIM_LogImplementation.cpp:120 * Log object destroyed.
2022-12-01:15:24:16CST * 2 * information * 0x5604fe9efa30 * KIM_LogImplementation.cpp:242 * Log object renamed.  ID changed to '0_Model'.
2022-12-01:15:24:16CST * 3 * information * 0_Model * KIM_LogImplementation.cpp:246 * Log object renamed.  ID changed from '0x5604fe9efa30'.
2022-12-01:15:24:16CST * 0 * information * 0x5604fe9f1cb0 * KIM_LogImplementation.cpp:110 * Log object created.  Default verbosity level is 'information'.
2022-12-01:15:24:16CST * 1 * information * 0x5604fe9f1cb0 * KIM_LogImplementation.cpp:242 * Log object renamed.  ID changed to '0_Model_0x5604fe9f1cb0'.
2022-12-01:15:24:16CST * 2 * information * 0_Model_0x5604fe9f1cb0 * KIM_LogImplementation.cpp:246 * Log object renamed.  ID changed from '0x5604fe9f1cb0'.
2022-12-01:15:24:16CST * 3 * information * 0_Model_0x5604fe9f1cb0 * meam_implementation.cpp:1606 * Register argument support status
2022-12-01:15:24:16CST * 4 * information * 0_Model_0x5604fe9f1cb0 * KIM_LogImplementation.cpp:242 * Log object renamed.  ID changed to '0_ComputeArguments'.
2022-12-01:15:24:16CST * 5 * information * 0_ComputeArguments * KIM_LogImplementation.cpp:246 * Log object renamed.  ID changed from '0_Model_0x5604fe9f1cb0'.
2022-12-01:15:24:16CST * 0 * information * 0x5604fe9efd20 * KIM_LogImplementation.cpp:110 * Log object created.  Default verbosity level is 'information'.
2022-12-01:15:24:16CST * 1 * information * 0x5604fe9efd20 * KIM_LogImplementation.cpp:242 * Log object renamed.  ID changed to '0_Collections'.
2022-12-01:15:24:16CST * 2 * information * 0_Collections * KIM_LogImplementation.cpp:246 * Log object renamed.  ID changed from '0x5604fe9efd20'.
2022-12-01:15:24:16CST * 3 * information * 0_Collections * KIM_LogImplementation.cpp:120 * Log object destroyed.
2022-12-01:15:28:16CST * 0 * information * 0x559238fdc670 * KIM_LogImplementation.cpp:110 * Log object created.  Default verbosity level is 'information'.
2022-12-01:15:28:16CST * 0 * information * 0x559238fdc960 * KIM_LogImplementation.cpp:110 * Log object created.  Default verbosity level is 'information'.
2022-12-01:15:28:16CST * 1 * information * 0x559238fdc960 * KIM_LogImplementation.cpp:242 * Log object renamed.  ID changed to '0x559238fdc670_Collections'.
2022-12-01:15:28:16CST * 2 * information * 0x559238fdc670_Collections * KIM_LogImplementation.cpp:246 * Log object renamed.  ID changed from '0x559238fdc960'.
2022-12-01:15:28:16CST * 1 * error * 0x559238fdc670 * KIM_SharedLibrary.cpp:348 * SharedLibrary not open.
2022-12-01:15:28:16CST * 3 * information * 0x559238fdc670_Collections * KIM_LogImplementation.cpp:120 * Log object destroyed.
2022-12-01:15:28:16CST * 2 * information * 0x559238fdc670 * KIM_LogImplementation.cpp:242 * Log object renamed.  ID changed to '0_Model'.
2022-12-01:15:28:16CST * 3 * information * 0_Model * KIM_LogImplementation.cpp:246 * Log object renamed.  ID changed from '0x559238fdc670'.
2022-12-01:15:28:16CST * 0 * information * 0x559238fde8f0 * KIM_LogImplementation.cpp:110 * Log object created.  Default verbosity level is 'information'.
2022-12-01:15:28:16CST * 1 * information * 0x559238fde8f0 * KIM_LogImplementation.cpp:242 * Log object renamed.  ID changed to '0_Model_0x559238fde8f0'.
2022-12-01:15:28:16CST * 2 * information * 0_Model_0x559238fde8f0 * KIM_LogImplementation.cpp:246 * Log object renamed.  ID changed from '0x559238fde8f0'.
2022-12-01:15:28:16CST * 3 * information * 0_Model_0x559238fde8f0 * meam_implementation.cpp:1606 * Register argument support status
2022-12-01:15:28:16CST * 4 * information * 0_Model_0x559238fde8f0 * KIM_LogImplementation.cpp:242 * Log object renamed.  ID changed to '0_ComputeArguments'.
2022-12-01:15:28:16CST * 5 * information * 0_ComputeArguments * KIM_LogImplementation.cpp:246 * Log object renamed.  ID changed from '0_Model_0x559238fde8f0'.
2022-12-01:15:28:16CST * 0 * information * 0x559238fdc960 * KIM_LogImplementation.cpp:110 * Log object created.  Default verbosity level is 'information'.
2022-12-01:15:28:16CST * 1 * information * 0x559238fdc960 * KIM_LogImplementation.cpp:242 * Log object renamed.  ID changed to '0_Collections'.
2022-12-01:15:28:16CST * 2 * information * 0_Collections * KIM_LogImplementation.cpp:246 * Log object renamed.  ID changed from '0x559238fdc960'.
2022-12-01:15:28:16CST * 3 * information * 0_Collections * KIM_LogImplementation.cpp:120 * Log object destroyed.
2022-12-01:15:29:58CST * 0 * information * 0x562947c4c670 * KIM_LogImplementation.cpp:110 * Log object created.  Default verbosity level is 'information'.
2022-12-01:15:29:58CST * 0 * information * 0x562947c4c960 * KIM_LogImplementation.cpp:110 * Log object created.  Default verbosity level is 'information'.
2022-12-01:15:29:58CST * 1 * information * 0x562947c4c960 * KIM_LogImplementation.cpp:242 * Log object renamed.  ID changed to '0x562947c4c670_Collections'.
2022-12-01:15:29:58CST * 2 * information * 0x562947c4c670_Collections * KIM_LogImplementation.cpp:246 * Log object renamed.  ID changed from '0x562947c4c960'.
2022-12-01:15:29:58CST * 1 * error * 0x562947c4c670 * KIM_SharedLibrary.cpp:348 * SharedLibrary not open.
2022-12-01:15:29:58CST * 3 * information * 0x562947c4c670_Collections * KIM_LogImplementation.cpp:120 * Log object destroyed.
2022-12-01:15:29:58CST * 2 * information * 0x562947c4c670 * KIM_LogImplementation.cpp:242 * Log object renamed.  ID changed to '0_Model'.
2022-12-01:15:29:58CST * 3 * information * 0_Model * KIM_LogImplementation.cpp:246 * Log object renamed.  ID changed from '0x562947c4c670'.
2022-12-01:15:29:58CST * 0 * information * 0x562947c4e8f0 * KIM_LogImplementation.cpp:110 * Log object created.  Default verbosity level is 'information'.
2022-12-01:15:29:58CST * 1 * information * 0x562947c4e8f0 * KIM_LogImplementation.cpp:242 * Log object renamed.  ID changed to '0_Model_0x562947c4e8f0'.
2022-12-01:15:29:58CST * 2 * information * 0_Model_0x562947c4e8f0 * KIM_LogImplementation.cpp:246 * Log object renamed.  ID changed from '0x562947c4e8f0'.
2022-12-01:15:29:58CST * 3 * information * 0_Model_0x562947c4e8f0 * meam_implementation.cpp:1606 * Register argument support status
2022-12-01:15:29:58CST * 4 * information * 0_Model_0x562947c4e8f0 * KIM_LogImplementation.cpp:242 * Log object renamed.  ID changed to '0_ComputeArguments'.
2022-12-01:15:29:58CST * 5 * information * 0_ComputeArguments * KIM_LogImplementation.cpp:246 * Log object renamed.  ID changed from '0_Model_0x562947c4e8f0'.
2022-12-01:15:29:58CST * 0 * information * 0x562947c4c960 * KIM_LogImplementation.cpp:110 * Log object created.  Default verbosity level is 'information'.
2022-12-01:15:29:58CST * 1 * information * 0x562947c4c960 * KIM_LogImplementation.cpp:242 * Log object renamed.  ID changed to '0_Collections'.
2022-12-01:15:29:58CST * 2 * information * 0_Collections * KIM_LogImplementation.cpp:246 * Log object renamed.  ID changed from '0x562947c4c960'.
2022-12-01:15:29:58CST * 3 * information * 0_Collections * KIM_LogImplementation.cpp:120 * Log object destroyed.
2022-12-01:15:35:07CST * 0 * information * 0x564dfe455a30 * KIM_LogImplementation.cpp:110 * Log object created.  Default verbosity level is 'information'.
2022-12-01:15:35:07CST * 0 * information * 0x564dfe455d20 * KIM_LogImplementation.cpp:110 * Log object created.  Default verbosity level is 'information'.
2022-12-01:15:35:07CST * 1 * information * 0x564dfe455d20 * KIM_LogImplementation.cpp:242 * Log object renamed.  ID changed to '0x564dfe455a30_Collections'.
2022-12-01:15:35:07CST * 2 * information * 0x564dfe455a30_Collections * KIM_LogImplementation.cpp:246 * Log object renamed.  ID changed from '0x564dfe455d20'.
2022-12-01:15:35:07CST * 1 * error * 0x564dfe455a30 * KIM_SharedLibrary.cpp:348 * SharedLibrary not open.
2022-12-01:15:35:07CST * 3 * information * 0x564dfe455a30_Collections * KIM_LogImplementation.cpp:120 * Log object destroyed.
2022-12-01:15:35:07CST * 2 * information * 0x564dfe455a30 * KIM_LogImplementation.cpp:242 * Log object renamed.  ID changed to '0_Model'.
2022-12-01:15:35:07CST * 3 * information * 0_Model * KIM_LogImplementation.cpp:246 * Log object renamed.  ID changed from '0x564dfe455a30'.
2022-12-01:15:35:07CST * 0 * information * 0x564dfe457cb0 * KIM_LogImplementation.cpp:110 * Log object created.  Default verbosity level is 'information'.
2022-12-01:15:35:07CST * 1 * information * 0x564dfe457cb0 * KIM_LogImplementation.cpp:242 * Log object renamed.  ID changed to '0_Model_0x564dfe457cb0'.
2022-12-01:15:35:07CST * 2 * information * 0_Model_0x564dfe457cb0 * KIM_LogImplementation.cpp:246 * Log object renamed.  ID changed from '0x564dfe457cb0'.
2022-12-01:15:35:07CST * 3 * information * 0_Model_0x564dfe457cb0 * meam_implementation.cpp:1606 * Register argument support status
2022-12-01:15:35:07CST * 4 * information * 0_Model_0x564dfe457cb0 * KIM_LogImplementation.cpp:242 * Log object renamed.  ID changed to '0_ComputeArguments'.
2022-12-01:15:35:07CST * 5 * information * 0_ComputeArguments * KIM_LogImplementation.cpp:246 * Log object renamed.  ID changed from '0_Model_0x564dfe457cb0'.
2022-12-01:15:35:07CST * 0 * information * 0x564dfe455d20 * KIM_LogImplementation.cpp:110 * Log object created.  Default verbosity level is 'information'.
2022-12-01:15:35:07CST * 1 * information * 0x564dfe455d20 * KIM_LogImplementation.cpp:242 * Log object renamed.  ID changed to '0_Collections'.
2022-12-01:15:35:07CST * 2 * information * 0_Collections * KIM_LogImplementation.cpp:246 * Log object renamed.  ID changed from '0x564dfe455d20'.
2022-12-01:15:35:07CST * 3 * information * 0_Collections * KIM_LogImplementation.cpp:120 * Log object destroyed.
2022-12-01:15:40:40CST * 0 * information * 0x5612ef2c9950 * KIM_LogImplementation.cpp:110 * Log object created.  Default verbosity level is 'information'.
2022-12-01:15:40:40CST * 0 * information * 0x5612ef2c9ce0 * KIM_LogImplementation.cpp:110 * Log object created.  Default verbosity level is 'information'.
2022-12-01:15:40:40CST * 1 * information * 0x5612ef2c9ce0 * KIM_LogImplementation.cpp:242 * Log object renamed.  ID changed to '0x5612ef2c9950_Collections'.
2022-12-01:15:40:40CST * 2 * information * 0x5612ef2c9950_Collections * KIM_LogImplementation.cpp:246 * Log object renamed.  ID changed from '0x5612ef2c9ce0'.
2022-12-01:15:40:40CST * 1 * error * 0x5612ef2c9950 * KIM_SharedLibrary.cpp:348 * SharedLibrary not open.
2022-12-01:15:40:40CST * 3 * information * 0x5612ef2c9950_Collections * KIM_LogImplementation.cpp:120 * Log object destroyed.
2022-12-01:15:40:40CST * 2 * information * 0x5612ef2c9950 * KIM_LogImplementation.cpp:242 * Log object renamed.  ID changed to '0_Model'.
2022-12-01:15:40:40CST * 3 * information * 0_Model * KIM_LogImplementation.cpp:246 * Log object renamed.  ID changed from '0x5612ef2c9950'.
2022-12-01:15:40:40CST * 0 * information * 0x5612ef2cbca0 * KIM_LogImplementation.cpp:110 * Log object created.  Default verbosity level is 'information'.
2022-12-01:15:40:40CST * 1 * information * 0x5612ef2cbca0 * KIM_LogImplementation.cpp:242 * Log object renamed.  ID changed to '0_Model_0x5612ef2cbca0'.
2022-12-01:15:40:40CST * 2 * information * 0_Model_0x5612ef2cbca0 * KIM_LogImplementation.cpp:246 * Log object renamed.  ID changed from '0x5612ef2cbca0'.
2022-12-01:15:40:40CST * 3 * information * 0_Model_0x5612ef2cbca0 * meam_implementation.cpp:1606 * Register argument support status
2022-12-01:15:40:40CST * 4 * information * 0_Model_0x5612ef2cbca0 * KIM_LogImplementation.cpp:242 * Log object renamed.  ID changed to '0_ComputeArguments'.
2022-12-01:15:40:40CST * 5 * information * 0_ComputeArguments * KIM_LogImplementation.cpp:246 * Log object renamed.  ID changed from '0_Model_0x5612ef2cbca0'.
2022-12-01:15:40:40CST * 0 * information * 0x5612ef2c9ce0 * KIM_LogImplementation.cpp:110 * Log object created.  Default verbosity level is 'information'.
2022-12-01:15:40:40CST * 1 * information * 0x5612ef2c9ce0 * KIM_LogImplementation.cpp:242 * Log object renamed.  ID changed to '0_Collections'.
2022-12-01:15:40:40CST * 2 * information * 0_Collections * KIM_LogImplementation.cpp:246 * Log object renamed.  ID changed from '0x5612ef2c9ce0'.
2022-12-01:15:40:40CST * 3 * information * 0_Collections * KIM_LogImplementation.cpp:120 * Log object destroyed.
2022-12-01:15:42:35CST * 0 * information * 0x55ae0ec0b430 * KIM_LogImplementation.cpp:110 * Log object created.  Default verbosity level is 'information'.
2022-12-01:15:42:35CST * 0 * information * 0x55ae0ec0b7a0 * KIM_LogImplementation.cpp:110 * Log object created.  Default verbosity level is 'information'.
2022-12-01:15:42:35CST * 1 * information * 0x55ae0ec0b7a0 * KIM_LogImplementation.cpp:242 * Log object renamed.  ID changed to '0x55ae0ec0b430_Collections'.
2022-12-01:15:42:35CST * 2 * information * 0x55ae0ec0b430_Collections * KIM_LogImplementation.cpp:246 * Log object renamed.  ID changed from '0x55ae0ec0b7a0'.
2022-12-01:15:42:35CST * 1 * error * 0x55ae0ec0b430 * KIM_SharedLibrary.cpp:348 * SharedLibrary not open.
2022-12-01:15:42:35CST * 3 * information * 0x55ae0ec0b430_Collections * KIM_LogImplementation.cpp:120 * Log object destroyed.
2022-12-01:15:42:35CST * 2 * information * 0x55ae0ec0b430 * KIM_LogImplementation.cpp:242 * Log object renamed.  ID changed to '0_Model'.
2022-12-01:15:42:35CST * 3 * information * 0_Model * KIM_LogImplementation.cpp:246 * Log object renamed.  ID changed from '0x55ae0ec0b430'.
2022-12-01:15:42:35CST * 0 * information * 0x55ae0ec0d740 * KIM_LogImplementation.cpp:110 * Log object created.  Default verbosity level is 'information'.
2022-12-01:15:42:35CST * 1 * information * 0x55ae0ec0d740 * KIM_LogImplementation.cpp:242 * Log object renamed.  ID changed to '0_Model_0x55ae0ec0d740'.
2022-12-01:15:42:35CST * 2 * information * 0_Model_0x55ae0ec0d740 * KIM_LogImplementation.cpp:246 * Log object renamed.  ID changed from '0x55ae0ec0d740'.
2022-12-01:15:42:35CST * 3 * information * 0_Model_0x55ae0ec0d740 * meam_implementation.cpp:1606 * Register argument support status
2022-12-01:15:42:35CST * 4 * information * 0_Model_0x55ae0ec0d740 * KIM_LogImplementation.cpp:242 * Log object renamed.  ID changed to '0_ComputeArguments'.
2022-12-01:15:42:35CST * 5 * information * 0_ComputeArguments * KIM_LogImplementation.cpp:246 * Log object renamed.  ID changed from '0_Model_0x55ae0ec0d740'.
2022-12-01:15:42:35CST * 0 * information * 0x55ae0ec0b7a0 * KIM_LogImplementation.cpp:110 * Log object created.  Default verbosity level is 'information'.
2022-12-01:15:42:35CST * 1 * information * 0x55ae0ec0b7a0 * KIM_LogImplementation.cpp:242 * Log object renamed.  ID changed to '0_Collections'.
2022-12-01:15:42:35CST * 2 * information * 0_Collections * KIM_LogImplementation.cpp:246 * Log object renamed.  ID changed from '0x55ae0ec0b7a0'.
2022-12-01:15:42:35CST * 3 * information * 0_Collections * KIM_LogImplementation.cpp:120 * Log object destroyed.
2022-12-01:15:50:11CST * 0 * information * 0_ComputeArguments * KIM_LogImplementation.cpp:120 * Log object destroyed.
2022-12-01:15:50:11CST * 0 * information * 0_Model * KIM_LogImplementation.cpp:120 * Log object destroyed.
2022-12-06:19:08:24CST * 0 * information * 0x55f0f1a291b0 * KIM_LogImplementation.cpp:110 * Log object created.  Default verbosity level is 'information'.
2022-12-06:19:08:24CST * 0 * information * 0x55f0f1a29590 * KIM_LogImplementation.cpp:110 * Log object created.  Default verbosity level is 'information'.
2022-12-06:19:08:24CST * 1 * information * 0x55f0f1a29590 * KIM_LogImplementation.cpp:242 * Log object renamed.  ID changed to '0x55f0f1a291b0_Collections'.
2022-12-06:19:08:24CST * 2 * information * 0x55f0f1a291b0_Collections * KIM_LogImplementation.cpp:246 * Log object renamed.  ID changed from '0x55f0f1a29590'.
2022-12-06:19:08:24CST * 1 * error * 0x55f0f1a291b0 * KIM_SharedLibrary.cpp:348 * SharedLibrary not open.
2022-12-06:19:08:24CST * 3 * information * 0x55f0f1a291b0_Collections * KIM_LogImplementation.cpp:120 * Log object destroyed.
2022-12-06:19:08:24CST * 2 * information * 0x55f0f1a291b0 * KIM_LogImplementation.cpp:242 * Log object renamed.  ID changed to '0_Model'.
2022-12-06:19:08:24CST * 3 * information * 0_Model * KIM_LogImplementation.cpp:246 * Log object renamed.  ID changed from '0x55f0f1a291b0'.
2022-12-06:19:08:24CST * 0 * information * 0x55f0f1a2b470 * KIM_LogImplementation.cpp:110 * Log object created.  Default verbosity level is 'information'.
2022-12-06:19:08:24CST * 1 * information * 0x55f0f1a2b470 * KIM_LogImplementation.cpp:242 * Log object renamed.  ID changed to '0_Model_0x55f0f1a2b470'.
2022-12-06:19:08:24CST * 2 * information * 0_Model_0x55f0f1a2b470 * KIM_LogImplementation.cpp:246 * Log object renamed.  ID changed from '0x55f0f1a2b470'.
2022-12-06:19:08:24CST * 3 * information * 0_Model_0x55f0f1a2b470 * meam_implementation.cpp:1606 * Register argument support status
2022-12-06:19:08:24CST * 4 * information * 0_Model_0x55f0f1a2b470 * KIM_LogImplementation.cpp:242 * Log object renamed.  ID changed to '0_ComputeArguments'.
2022-12-06:19:08:24CST * 5 * information * 0_ComputeArguments * KIM_LogImplementation.cpp:246 * Log object renamed.  ID changed from '0_Model_0x55f0f1a2b470'.
2022-12-06:19:08:24CST * 0 * information * 0x55f0f1a29590 * KIM_LogImplementation.cpp:110 * Log object created.  Default verbosity level is 'information'.
2022-12-06:19:08:24CST * 1 * information * 0x55f0f1a29590 * KIM_LogImplementation.cpp:242 * Log object renamed.  ID changed to '0_Collections'.
2022-12-06:19:08:24CST * 2 * information * 0_Collections * KIM_LogImplementation.cpp:246 * Log object renamed.  ID changed from '0x55f0f1a29590'.
2022-12-06:19:08:24CST * 3 * information * 0_Collections * KIM_LogImplementation.cpp:120 * Log object destroyed.
2022-12-06:19:08:30CST * 0 * information * 0_ComputeArguments * KIM_LogImplementation.cpp:120 * Log object destroyed.
2022-12-06:19:08:30CST * 0 * information * 0_Model * KIM_LogImplementation.cpp:120 * Log object destroyed.
2022-12-06:19:08:30CST * 0 * information * 0x55f0f1a2b470 * KIM_LogImplementation.cpp:110 * Log object created.  Default verbosity level is 'information'.
2022-12-06:19:08:30CST * 0 * information * 0x55f0f1a43a70 * KIM_LogImplementation.cpp:110 * Log object created.  Default verbosity level is 'information'.
2022-12-06:19:08:30CST * 1 * information * 0x55f0f1a43a70 * KIM_LogImplementation.cpp:242 * Log object renamed.  ID changed to '0x55f0f1a2b470_Collections'.
2022-12-06:19:08:30CST * 2 * information * 0x55f0f1a2b470_Collections * KIM_LogImplementation.cpp:246 * Log object renamed.  ID changed from '0x55f0f1a43a70'.
2022-12-06:19:08:30CST * 1 * error * 0x55f0f1a2b470 * KIM_SharedLibrary.cpp:348 * SharedLibrary not open.
2022-12-06:19:08:30CST * 3 * information * 0x55f0f1a2b470_Collections * KIM_LogImplementation.cpp:120 * Log object destroyed.
2022-12-06:19:08:30CST * 2 * information * 0x55f0f1a2b470 * KIM_LogImplementation.cpp:242 * Log object renamed.  ID changed to '0_Model'.
2022-12-06:19:08:30CST * 3 * information * 0_Model * KIM_LogImplementation.cpp:246 * Log object renamed.  ID changed from '0x55f0f1a2b470'.
2022-12-06:19:08:30CST * 0 * information * 0x55f0f1a43a70 * KIM_LogImplementation.cpp:110 * Log object created.  Default verbosity level is 'information'.
2022-12-06:19:08:30CST * 1 * information * 0x55f0f1a43a70 * KIM_LogImplementation.cpp:242 * Log object renamed.  ID changed to '0_Model_0x55f0f1a43a70'.
2022-12-06:19:08:30CST * 2 * information * 0_Model_0x55f0f1a43a70 * KIM_LogImplementation.cpp:246 * Log object renamed.  ID changed from '0x55f0f1a43a70'.
2022-12-06:19:08:30CST * 3 * information * 0_Model_0x55f0f1a43a70 * meam_implementation.cpp:1606 * Register argument support status
2022-12-06:19:08:30CST * 4 * information * 0_Model_0x55f0f1a43a70 * KIM_LogImplementation.cpp:242 * Log object renamed.  ID changed to '0_ComputeArguments'.
2022-12-06:19:08:30CST * 5 * information * 0_ComputeArguments * KIM_LogImplementation.cpp:246 * Log object renamed.  ID changed from '0_Model_0x55f0f1a43a70'.
2022-12-06:19:08:30CST * 0 * information * 0x55f0f1a25e90 * KIM_LogImplementation.cpp:110 * Log object created.  Default verbosity level is 'information'.
2022-12-06:19:08:30CST * 1 * information * 0x55f0f1a25e90 * KIM_LogImplementation.cpp:242 * Log object renamed.  ID changed to '0_Collections'.
2022-12-06:19:08:30CST * 2 * information * 0_Collections * KIM_LogImplementation.cpp:246 * Log object renamed.  ID changed from '0x55f0f1a25e90'.
2022-12-06:19:08:30CST * 3 * information * 0_Collections * KIM_LogImplementation.cpp:120 * Log object destroyed.
2022-12-06:19:09:07CST * 0 * information * 0_ComputeArguments * KIM_LogImplementation.cpp:120 * Log object destroyed.
2022-12-06:19:09:07CST * 0 * information * 0_Model * KIM_LogImplementation.cpp:120 * Log object destroyed.
2022-12-06:19:09:07CST * 0 * information * 0x55f0f1aede60 * KIM_LogImplementation.cpp:110 * Log object created.  Default verbosity level is 'information'.
2022-12-06:19:09:07CST * 0 * information * 0x55f0f1aedd00 * KIM_LogImplementation.cpp:110 * Log object created.  Default verbosity level is 'information'.
2022-12-06:19:09:07CST * 1 * information * 0x55f0f1aedd00 * KIM_LogImplementation.cpp:242 * Log object renamed.  ID changed to '0x55f0f1aede60_Collections'.
2022-12-06:19:09:07CST * 2 * information * 0x55f0f1aede60_Collections * KIM_LogImplementation.cpp:246 * Log object renamed.  ID changed from '0x55f0f1aedd00'.
2022-12-06:19:09:07CST * 1 * error * 0x55f0f1aede60 * KIM_SharedLibrary.cpp:348 * SharedLibrary not open.
2022-12-06:19:09:07CST * 3 * information * 0x55f0f1aede60_Collections * KIM_LogImplementation.cpp:120 * Log object destroyed.
2022-12-06:19:09:07CST * 2 * information * 0x55f0f1aede60 * KIM_LogImplementation.cpp:242 * Log object renamed.  ID changed to '0_Model'.
2022-12-06:19:09:07CST * 3 * information * 0_Model * KIM_LogImplementation.cpp:246 * Log object renamed.  ID changed from '0x55f0f1aede60'.
2022-12-06:19:09:07CST * 0 * information * 0x55f0f1aedd00 * KIM_LogImplementation.cpp:110 * Log object created.  Default verbosity level is 'information'.
2022-12-06:19:09:07CST * 1 * information * 0x55f0f1aedd00 * KIM_LogImplementation.cpp:242 * Log object renamed.  ID changed to '0_Model_0x55f0f1aedd00'.
2022-12-06:19:09:07CST * 2 * information * 0_Model_0x55f0f1aedd00 * KIM_LogImplementation.cpp:246 * Log object renamed.  ID changed from '0x55f0f1aedd00'.
2022-12-06:19:09:07CST * 3 * information * 0_Model_0x55f0f1aedd00 * meam_implementation.cpp:1606 * Register argument support status
2022-12-06:19:09:07CST * 4 * information * 0_Model_0x55f0f1aedd00 * KIM_LogImplementation.cpp:242 * Log object renamed.  ID changed to '0_ComputeArguments'.
2022-12-06:19:09:07CST * 5 * information * 0_ComputeArguments * KIM_LogImplementation.cpp:246 * Log object renamed.  ID changed from '0_Model_0x55f0f1aedd00'.
2022-12-06:19:09:07CST * 0 * information * 0x55f0f1c73a80 * KIM_LogImplementation.cpp:110 * Log object created.  Default verbosity level is 'information'.
2022-12-06:19:09:07CST * 1 * information * 0x55f0f1c73a80 * KIM_LogImplementation.cpp:242 * Log object renamed.  ID changed to '0_Collections'.
2022-12-06:19:09:07CST * 2 * information * 0_Collections * KIM_LogImplementation.cpp:246 * Log object renamed.  ID changed from '0x55f0f1c73a80'.
2022-12-06:19:09:07CST * 3 * information * 0_Collections * KIM_LogImplementation.cpp:120 * Log object destroyed.
2022-12-06:19:10:54CST * 0 * information * 0_ComputeArguments * KIM_LogImplementation.cpp:120 * Log object destroyed.
2022-12-06:19:10:54CST * 0 * information * 0_Model * KIM_LogImplementation.cpp:120 * Log object destroyed.
2022-12-06:19:10:54CST * 0 * information * 0x55f0f1aec300 * KIM_LogImplementation.cpp:110 * Log object created.  Default verbosity level is 'information'.
2022-12-06:19:10:54CST * 0 * information * 0x55f0f1aeca70 * KIM_LogImplementation.cpp:110 * Log object created.  Default verbosity level is 'information'.
2022-12-06:19:10:54CST * 1 * information * 0x55f0f1aeca70 * KIM_LogImplementation.cpp:242 * Log object renamed.  ID changed to '0x55f0f1aec300_Collections'.
2022-12-06:19:10:54CST * 2 * information * 0x55f0f1aec300_Collections * KIM_LogImplementation.cpp:246 * Log object renamed.  ID changed from '0x55f0f1aeca70'.
2022-12-06:19:10:54CST * 1 * error * 0x55f0f1aec300 * KIM_SharedLibrary.cpp:348 * SharedLibrary not open.
2022-12-06:19:10:54CST * 3 * information * 0x55f0f1aec300_Collections * KIM_LogImplementation.cpp:120 * Log object destroyed.
2022-12-06:19:10:54CST * 2 * information * 0x55f0f1aec300 * KIM_LogImplementation.cpp:242 * Log object renamed.  ID changed to '0_Model'.
2022-12-06:19:10:54CST * 3 * information * 0_Model * KIM_LogImplementation.cpp:246 * Log object renamed.  ID changed from '0x55f0f1aec300'.
2022-12-06:19:10:54CST * 0 * information * 0x55f0f1aeca70 * KIM_LogImplementation.cpp:110 * Log object created.  Default verbosity level is 'information'.
2022-12-06:19:10:54CST * 1 * information * 0x55f0f1aeca70 * KIM_LogImplementation.cpp:242 * Log object renamed.  ID changed to '0_Model_0x55f0f1aeca70'.
2022-12-06:19:10:54CST * 2 * information * 0_Model_0x55f0f1aeca70 * KIM_LogImplementation.cpp:246 * Log object renamed.  ID changed from '0x55f0f1aeca70'.
2022-12-06:19:10:54CST * 3 * information * 0_Model_0x55f0f1aeca70 * meam_implementation.cpp:1606 * Register argument support status
2022-12-06:19:10:54CST * 4 * information * 0_Model_0x55f0f1aeca70 * KIM_LogImplementation.cpp:242 * Log object renamed.  ID changed to '0_ComputeArguments'.
2022-12-06:19:10:54CST * 5 * information * 0_ComputeArguments * KIM_LogImplementation.cpp:246 * Log object renamed.  ID changed from '0_Model_0x55f0f1aeca70'.
2022-12-06:19:10:54CST * 0 * information * 0x55f0f1aed6f0 * KIM_LogImplementation.cpp:110 * Log object created.  Default verbosity level is 'information'.
2022-12-06:19:10:54CST * 1 * information * 0x55f0f1aed6f0 * KIM_LogImplementation.cpp:242 * Log object renamed.  ID changed to '0_Collections'.
2022-12-06:19:10:54CST * 2 * information * 0_Collections * KIM_LogImplementation.cpp:246 * Log object renamed.  ID changed from '0x55f0f1aed6f0'.
2022-12-06:19:10:54CST * 3 * information * 0_Collections * KIM_LogImplementation.cpp:120 * Log object destroyed.
2022-12-06:19:14:57CST * 0 * information * 0_ComputeArguments * KIM_LogImplementation.cpp:120 * Log object destroyed.
2022-12-06:19:14:57CST * 0 * information * 0_Model * KIM_LogImplementation.cpp:120 * Log object destroyed.
2022-12-06:19:14:57CST * 0 * information * 0x55f0f1a127a0 * KIM_LogImplementation.cpp:110 * Log object created.  Default verbosity level is 'information'.
2022-12-06:19:14:57CST * 0 * information * 0x55f0f1a23160 * KIM_LogImplementation.cpp:110 * Log object created.  Default verbosity level is 'information'.
2022-12-06:19:14:57CST * 1 * information * 0x55f0f1a23160 * KIM_LogImplementation.cpp:242 * Log object renamed.  ID changed to '0x55f0f1a127a0_Collections'.
2022-12-06:19:14:57CST * 2 * information * 0x55f0f1a127a0_Collections * KIM_LogImplementation.cpp:246 * Log object renamed.  ID changed from '0x55f0f1a23160'.
2022-12-06:19:14:57CST * 1 * error * 0x55f0f1a127a0 * KIM_SharedLibrary.cpp:348 * SharedLibrary not open.
2022-12-06:19:14:57CST * 3 * information * 0x55f0f1a127a0_Collections * KIM_LogImplementation.cpp:120 * Log object destroyed.
2022-12-06:19:14:57CST * 2 * information * 0x55f0f1a127a0 * KIM_LogImplementation.cpp:242 * Log object renamed.  ID changed to '0_Model'.
2022-12-06:19:14:57CST * 3 * information * 0_Model * KIM_LogImplementation.cpp:246 * Log object renamed.  ID changed from '0x55f0f1a127a0'.
2022-12-06:19:14:57CST * 0 * information * 0x55f0f1a23160 * KIM_LogImplementation.cpp:110 * Log object created.  Default verbosity level is 'information'.
2022-12-06:19:14:57CST * 1 * information * 0x55f0f1a23160 * KIM_LogImplementation.cpp:242 * Log object renamed.  ID changed to '0_Model_0x55f0f1a23160'.
2022-12-06:19:14:57CST * 2 * information * 0_Model_0x55f0f1a23160 * KIM_LogImplementation.cpp:246 * Log object renamed.  ID changed from '0x55f0f1a23160'.
2022-12-06:19:14:57CST * 3 * information * 0_Model_0x55f0f1a23160 * meam_implementation.cpp:1606 * Register argument support status
2022-12-06:19:14:57CST * 4 * information * 0_Model_0x55f0f1a23160 * KIM_LogImplementation.cpp:242 * Log object renamed.  ID changed to '0_ComputeArguments'.
2022-12-06:19:14:57CST * 5 * information * 0_ComputeArguments * KIM_LogImplementation.cpp:246 * Log object renamed.  ID changed from '0_Model_0x55f0f1a23160'.
2022-12-06:19:14:57CST * 0 * information * 0x55f0f1aec0f0 * KIM_LogImplementation.cpp:110 * Log object created.  Default verbosity level is 'information'.
2022-12-06:19:14:57CST * 1 * information * 0x55f0f1aec0f0 * KIM_LogImplementation.cpp:242 * Log object renamed.  ID changed to '0_Collections'.
2022-12-06:19:14:57CST * 2 * information * 0_Collections * KIM_LogImplementation.cpp:246 * Log object renamed.  ID changed from '0x55f0f1aec0f0'.
2022-12-06:19:14:57CST * 3 * information * 0_Collections * KIM_LogImplementation.cpp:120 * Log object destroyed.
2022-12-06:19:22:43CST * 0 * information * 0_ComputeArguments * KIM_LogImplementation.cpp:120 * Log object destroyed.
2022-12-06:19:22:43CST * 0 * information * 0_Model * KIM_LogImplementation.cpp:120 * Log object destroyed.
2022-12-06:19:22:43CST * 0 * information * 0x55f0f1aec980 * KIM_LogImplementation.cpp:110 * Log object created.  Default verbosity level is 'information'.
2022-12-06:19:22:43CST * 0 * information * 0x55f0f1aec6b0 * KIM_LogImplementation.cpp:110 * Log object created.  Default verbosity level is 'information'.
2022-12-06:19:22:43CST * 1 * information * 0x55f0f1aec6b0 * KIM_LogImplementation.cpp:242 * Log object renamed.  ID changed to '0x55f0f1aec980_Collections'.
2022-12-06:19:22:43CST * 2 * information * 0x55f0f1aec980_Collections * KIM_LogImplementation.cpp:246 * Log object renamed.  ID changed from '0x55f0f1aec6b0'.
2022-12-06:19:22:43CST * 1 * error * 0x55f0f1aec980 * KIM_SharedLibrary.cpp:348 * SharedLibrary not open.
2022-12-06:19:22:43CST * 3 * information * 0x55f0f1aec980_Collections * KIM_LogImplementation.cpp:120 * Log object destroyed.
2022-12-06:19:22:43CST * 2 * information * 0x55f0f1aec980 * KIM_LogImplementation.cpp:242 * Log object renamed.  ID changed to '0_Model'.
2022-12-06:19:22:43CST * 3 * information * 0_Model * KIM_LogImplementation.cpp:246 * Log object renamed.  ID changed from '0x55f0f1aec980'.
2022-12-06:19:22:43CST * 0 * information * 0x55f0f1aec8d0 * KIM_LogImplementation.cpp:110 * Log object created.  Default verbosity level is 'information'.
2022-12-06:19:22:43CST * 1 * information * 0x55f0f1aec8d0 * KIM_LogImplementation.cpp:242 * Log object renamed.  ID changed to '0_Model_0x55f0f1aec8d0'.
2022-12-06:19:22:43CST * 2 * information * 0_Model_0x55f0f1aec8d0 * KIM_LogImplementation.cpp:246 * Log object renamed.  ID changed from '0x55f0f1aec8d0'.
2022-12-06:19:22:43CST * 3 * information * 0_Model_0x55f0f1aec8d0 * meam_implementation.cpp:1606 * Register argument support status
2022-12-06:19:22:43CST * 4 * information * 0_Model_0x55f0f1aec8d0 * KIM_LogImplementation.cpp:242 * Log object renamed.  ID changed to '0_ComputeArguments'.
2022-12-06:19:22:43CST * 5 * information * 0_ComputeArguments * KIM_LogImplementation.cpp:246 * Log object renamed.  ID changed from '0_Model_0x55f0f1aec8d0'.
2022-12-06:19:22:43CST * 0 * information * 0x55f0f1aec6b0 * KIM_LogImplementation.cpp:110 * Log object created.  Default verbosity level is 'information'.
2022-12-06:19:22:43CST * 1 * information * 0x55f0f1aec6b0 * KIM_LogImplementation.cpp:242 * Log object renamed.  ID changed to '0_Collections'.
2022-12-06:19:22:43CST * 2 * information * 0_Collections * KIM_LogImplementation.cpp:246 * Log object renamed.  ID changed from '0x55f0f1aec6b0'.
2022-12-06:19:22:43CST * 3 * information * 0_Collections * KIM_LogImplementation.cpp:120 * Log object destroyed.
2022-12-06:19:35:12CST * 0 * information * 0_ComputeArguments * KIM_LogImplementation.cpp:120 * Log object destroyed.
2022-12-06:19:35:12CST * 0 * information * 0_Model * KIM_LogImplementation.cpp:120 * Log object destroyed.
2022-12-06:19:35:12CST * 0 * information * 0x55f0f1ae7fb0 * KIM_LogImplementation.cpp:110 * Log object created.  Default verbosity level is 'information'.
2022-12-06:19:35:12CST * 0 * information * 0x55f0f1a22440 * KIM_LogImplementation.cpp:110 * Log object created.  Default verbosity level is 'information'.
2022-12-06:19:35:12CST * 1 * information * 0x55f0f1a22440 * KIM_LogImplementation.cpp:242 * Log object renamed.  ID changed to '0x55f0f1ae7fb0_Collections'.
2022-12-06:19:35:12CST * 2 * information * 0x55f0f1ae7fb0_Collections * KIM_LogImplementation.cpp:246 * Log object renamed.  ID changed from '0x55f0f1a22440'.
2022-12-06:19:35:12CST * 1 * error * 0x55f0f1ae7fb0 * KIM_SharedLibrary.cpp:348 * SharedLibrary not open.
2022-12-06:19:35:12CST * 3 * information * 0x55f0f1ae7fb0_Collections * KIM_LogImplementation.cpp:120 * Log object destroyed.
2022-12-06:19:35:12CST * 2 * information * 0x55f0f1ae7fb0 * KIM_LogImplementation.cpp:242 * Log object renamed.  ID changed to '0_Model'.
2022-12-06:19:35:12CST * 3 * information * 0_Model * KIM_LogImplementation.cpp:246 * Log object renamed.  ID changed from '0x55f0f1ae7fb0'.
2022-12-06:19:35:12CST * 0 * information * 0x55f0f1a22440 * KIM_LogImplementation.cpp:110 * Log object created.  Default verbosity level is 'information'.
2022-12-06:19:35:12CST * 1 * information * 0x55f0f1a22440 * KIM_LogImplementation.cpp:242 * Log object renamed.  ID changed to '0_Model_0x55f0f1a22440'.
2022-12-06:19:35:12CST * 2 * information * 0_Model_0x55f0f1a22440 * KIM_LogImplementation.cpp:246 * Log object renamed.  ID changed from '0x55f0f1a22440'.
2022-12-06:19:35:12CST * 3 * information * 0_Model_0x55f0f1a22440 * meam_implementation.cpp:1606 * Register argument support status
2022-12-06:19:35:12CST * 4 * information * 0_Model_0x55f0f1a22440 * KIM_LogImplementation.cpp:242 * Log object renamed.  ID changed to '0_ComputeArguments'.
2022-12-06:19:35:12CST * 5 * information * 0_ComputeArguments * KIM_LogImplementation.cpp:246 * Log object renamed.  ID changed from '0_Model_0x55f0f1a22440'.
2022-12-06:19:35:12CST * 0 * information * 0x55f0f1aec210 * KIM_LogImplementation.cpp:110 * Log object created.  Default verbosity level is 'information'.
2022-12-06:19:35:12CST * 1 * information * 0x55f0f1aec210 * KIM_LogImplementation.cpp:242 * Log object renamed.  ID changed to '0_Collections'.
2022-12-06:19:35:12CST * 2 * information * 0_Collections * KIM_LogImplementation.cpp:246 * Log object renamed.  ID changed from '0x55f0f1aec210'.
2022-12-06:19:35:12CST * 3 * information * 0_Collections * KIM_LogImplementation.cpp:120 * Log object destroyed.
2022-12-06:19:57:11CST * 0 * information * 0_ComputeArguments * KIM_LogImplementation.cpp:120 * Log object destroyed.
2022-12-06:19:57:11CST * 0 * information * 0_Model * KIM_LogImplementation.cpp:120 * Log object destroyed.
2022-12-06:19:57:11CST * 0 * information * 0x55f0f1aee620 * KIM_LogImplementation.cpp:110 * Log object created.  Default verbosity level is 'information'.
2022-12-06:19:57:11CST * 0 * information * 0x55f0f190a480 * KIM_LogImplementation.cpp:110 * Log object created.  Default verbosity level is 'information'.
2022-12-06:19:57:11CST * 1 * information * 0x55f0f190a480 * KIM_LogImplementation.cpp:242 * Log object renamed.  ID changed to '0x55f0f1aee620_Collections'.
2022-12-06:19:57:11CST * 2 * information * 0x55f0f1aee620_Collections * KIM_LogImplementation.cpp:246 * Log object renamed.  ID changed from '0x55f0f190a480'.
2022-12-06:19:57:11CST * 1 * error * 0x55f0f1aee620 * KIM_SharedLibrary.cpp:348 * SharedLibrary not open.
2022-12-06:19:57:11CST * 3 * information * 0x55f0f1aee620_Collections * KIM_LogImplementation.cpp:120 * Log object destroyed.
2022-12-06:19:57:11CST * 2 * information * 0x55f0f1aee620 * KIM_LogImplementation.cpp:242 * Log object renamed.  ID changed to '0_Model'.
2022-12-06:19:57:11CST * 3 * information * 0_Model * KIM_LogImplementation.cpp:246 * Log object renamed.  ID changed from '0x55f0f1aee620'.
2022-12-06:19:57:11CST * 0 * information * 0x55f0f190a480 * KIM_LogImplementation.cpp:110 * Log object created.  Default verbosity level is 'information'.
2022-12-06:19:57:11CST * 1 * information * 0x55f0f190a480 * KIM_LogImplementation.cpp:242 * Log object renamed.  ID changed to '0_Model_0x55f0f190a480'.
2022-12-06:19:57:11CST * 2 * information * 0_Model_0x55f0f190a480 * KIM_LogImplementation.cpp:246 * Log object renamed.  ID changed from '0x55f0f190a480'.
2022-12-06:19:57:11CST * 3 * information * 0_Model_0x55f0f190a480 * meam_implementation.cpp:1606 * Register argument support status
2022-12-06:19:57:11CST * 4 * information * 0_Model_0x55f0f190a480 * KIM_LogImplementation.cpp:242 * Log object renamed.  ID changed to '0_ComputeArguments'.
2022-12-06:19:57:11CST * 5 * information * 0_ComputeArguments * KIM_LogImplementation.cpp:246 * Log object renamed.  ID changed from '0_Model_0x55f0f190a480'.
2022-12-06:19:57:11CST * 0 * information * 0x55f0f1a254a0 * KIM_LogImplementation.cpp:110 * Log object created.  Default verbosity level is 'information'.
2022-12-06:19:57:11CST * 1 * information * 0x55f0f1a254a0 * KIM_LogImplementation.cpp:242 * Log object renamed.  ID changed to '0_Collections'.
2022-12-06:19:57:11CST * 2 * information * 0_Collections * KIM_LogImplementation.cpp:246 * Log object renamed.  ID changed from '0x55f0f1a254a0'.
2022-12-06:19:57:11CST * 3 * information * 0_Collections * KIM_LogImplementation.cpp:120 * Log object destroyed.
